<?xml version="1.0" encoding="UTF-8"?>
<!-- Generated by org.testng.reporters.JUnitReportReporter -->
<testsuite hostname="VijayBV-LAPTOP1" failures="0" tests="1" name="Academy1.HomePage2" time="78.064" errors="0" timestamp="14 Jun 2019 13:56:51 GMT">
  <testcase classname="Academy1.HomePage2" name="basePageNavigation" time="78.064"/>
</testsuite> <!-- Academy1.HomePage2 -->
